#
# There is insufficient memory for the Java Runtime Environment to continue.
# Native memory allocation (mmap) failed to map 123731968 bytes for G1 virtual space
# Possible reasons:
#   The system is out of physical RAM or swap space
#   The process is running with CompressedOops enabled, and the Java Heap may be blocking the growth of the native heap
# Possible solutions:
#   Reduce memory load on the system
#   Increase physical memory or swap space
#   Check if swap backing store is full
#   Decrease Java heap size (-Xmx/-Xms)
#   Decrease number of Java threads
#   Decrease Java thread stack sizes (-Xss)
#   Set larger code cache with -XX:ReservedCodeCacheSize=
#   JVM is running with Unscaled Compressed Oops mode in which the Java heap is
#     placed in the first 4GB address space. The Java Heap base address is the
#     maximum limit for the native heap growth. Please use -XX:HeapBaseMinAddress
#     to set the Java Heap base and to place the Java Heap above 4GB virtual address.
# This output file may be truncated or incomplete.
#
#  Out of Memory Error (os_windows.cpp:3769), pid=21604, tid=19896
#
# JRE version:  (17.0.6) (build )
# Java VM: OpenJDK 64-Bit Server VM (17.0.6+0-b2043.56-10027231, mixed mode, sharing, tiered, compressed oops, compressed class ptrs, g1 gc, windows-amd64)
# No core dump will be written. Minidumps are not enabled by default on client versions of Windows
#

---------------  S U M M A R Y ------------

Command Line: git4idea.http.GitAskPassApp Username for 'https://github.com': 

Host: AMD Ryzen 5 5600H with Radeon Graphics         , 12 cores, 7G,  Windows 11 , 64 bit Build 22621 (10.0.22621.2506)
Time: Sat Jan 20 00:01:46 2024 India Standard Time elapsed time: 0.013023 seconds (0d 0h 0m 0s)

---------------  T H R E A D  ---------------

Current thread (0x000001f89f44dfa0):  JavaThread "Unknown thread" [_thread_in_vm, id=19896, stack(0x00000093c5100000,0x00000093c5200000)]

Stack: [0x00000093c5100000,0x00000093c5200000]
Native frames: (J=compiled Java code, j=interpreted, Vv=VM code, C=native code)
V  [jvm.dll+0x683c9a]
V  [jvm.dll+0x8427a4]
V  [jvm.dll+0x843f9e]
V  [jvm.dll+0x844603]
V  [jvm.dll+0x249b75]
V  [jvm.dll+0x680b69]
V  [jvm.dll+0x67505a]
V  [jvm.dll+0x309acb]
V  [jvm.dll+0x310f86]
V  [jvm.dll+0x3608ee]
V  [jvm.dll+0x360b1f]
V  [jvm.dll+0x2dfbf8]
V  [jvm.dll+0x2e0b64]
V  [jvm.dll+0x814091]
V  [jvm.dll+0x36e6a1]
V  [jvm.dll+0x7f35cc]
V  [jvm.dll+0x3f0e8f]
V  [jvm.dll+0x3f29d1]
C  [jli.dll+0x526b]
C  [ucrtbase.dll+0x29363]
C  [KERNEL32.DLL+0x1257d]
C  [ntdll.dll+0x5aa58]


---------------  P R O C E S S  ---------------

Threads class SMR info:
_java_thread_list=0x00007fff3d88c058, length=0, elements={
}

Java Threads: ( => current thread )

Other Threads:
  0x000001f8a176b8d0 GCTaskThread "GC Thread#0" [stack: 0x00000093c5200000,0x00000093c5300000] [id=15660]
  0x000001f8a177b250 ConcurrentGCThread "G1 Main Marker" [stack: 0x00000093c5300000,0x00000093c5400000] [id=20808]
  0x000001f8a177d310 ConcurrentGCThread "G1 Conc#0" [stack: 0x00000093c5400000,0x00000093c5500000] [id=5336]

[error occurred during error reporting (printing all threads), id 0xc0000005, EXCEPTION_ACCESS_VIOLATION (0xc0000005) at pc=0x00007fff3d040797]

VM state: not at safepoint (not fully initialized)

VM Mutex/Monitor currently owned by a thread:  ([mutex/lock_event])
[0x000001f89f44bc80] Heap_lock - owner thread: 0x000001f89f44dfa0

Heap address: 0x000000008a600000, size: 1882 MB, Compressed Oops mode: 32-bit

CDS archive(s) mapped at: [0x0000000000000000-0x0000000000000000-0x0000000000000000), size 0, SharedBaseAddress: 0x0000000800000000, ArchiveRelocationMode: 0.
Narrow klass base: 0x0000000000000000, Narrow klass shift: 0, Narrow klass range: 0x0

GC Precious Log:
<Empty>

Heap:
 garbage-first heap   total 0K, used 0K [0x000000008a600000, 0x0000000100000000)
  region size 1024K, 0 young (0K), 0 survivors (0K)

[error occurred during error reporting (printing heap information), id 0xc0000005, EXCEPTION_ACCESS_VIOLATION (0xc0000005) at pc=0x00007fff3d42da89]

GC Heap History (0 events):
No events

Dll operation events (1 events):
Event: 0.009 Loaded shared library C:\Users\siddh\AppData\Local\JetBrains\Toolbox\apps\AndroidStudio\ch-0\223.8836.35.2231.10811636\jbr\bin\java.dll

Deoptimization events (0 events):
No events

Classes unloaded (0 events):
No events

Classes redefined (0 events):
No events

Internal exceptions (0 events):
No events

VM Operations (0 events):
No events

Events (0 events):
No events


Dynamic libraries:
0x00007ff6297e0000 - 0x00007ff6297ea000 	C:\Users\siddh\AppData\Local\JetBrains\Toolbox\apps\AndroidStudio\ch-0\223.8836.35.2231.10811636\jbr\bin\java.exe
0x00007ffff7090000 - 0x00007ffff72a7000 	C:\WINDOWS\SYSTEM32\ntdll.dll
0x00007ffff5ac0000 - 0x00007ffff5b84000 	C:\WINDOWS\System32\KERNEL32.DLL
0x00007ffff4510000 - 0x00007ffff48b6000 	C:\WINDOWS\System32\KERNELBASE.dll
0x00007ffff4c90000 - 0x00007ffff4da1000 	C:\WINDOWS\System32\ucrtbase.dll
0x00007fffca070000 - 0x00007fffca087000 	C:\Users\siddh\AppData\Local\JetBrains\Toolbox\apps\AndroidStudio\ch-0\223.8836.35.2231.10811636\jbr\bin\jli.dll
0x00007fffc5c30000 - 0x00007fffc5c4b000 	C:\Users\siddh\AppData\Local\JetBrains\Toolbox\apps\AndroidStudio\ch-0\223.8836.35.2231.10811636\jbr\bin\VCRUNTIME140.dll
0x00007ffff68c0000 - 0x00007ffff6a6e000 	C:\WINDOWS\System32\USER32.dll
0x00007ffff4db0000 - 0x00007ffff4dd6000 	C:\WINDOWS\System32\win32u.dll
0x00007ffff52e0000 - 0x00007ffff5309000 	C:\WINDOWS\System32\GDI32.dll
0x00007fffdc310000 - 0x00007fffdc5a3000 	C:\WINDOWS\WinSxS\amd64_microsoft.windows.common-controls_6595b64144ccf1df_6.0.22621.2506_none_270c5ae97388e100\COMCTL32.dll
0x00007ffff4960000 - 0x00007ffff4a78000 	C:\WINDOWS\System32\gdi32full.dll
0x00007ffff6e00000 - 0x00007ffff6ea7000 	C:\WINDOWS\System32\msvcrt.dll
0x00007ffff48c0000 - 0x00007ffff495a000 	C:\WINDOWS\System32\msvcp_win.dll
0x00007ffff6ff0000 - 0x00007ffff7021000 	C:\WINDOWS\System32\IMM32.DLL
0x00007fffc9fb0000 - 0x00007fffc9fbc000 	C:\Users\siddh\AppData\Local\JetBrains\Toolbox\apps\AndroidStudio\ch-0\223.8836.35.2231.10811636\jbr\bin\vcruntime140_1.dll
0x00007fff4c010000 - 0x00007fff4c09d000 	C:\Users\siddh\AppData\Local\JetBrains\Toolbox\apps\AndroidStudio\ch-0\223.8836.35.2231.10811636\jbr\bin\msvcp140.dll
0x00007fff3cd50000 - 0x00007fff3d9be000 	C:\Users\siddh\AppData\Local\JetBrains\Toolbox\apps\AndroidStudio\ch-0\223.8836.35.2231.10811636\jbr\bin\server\jvm.dll
0x00007ffff5330000 - 0x00007ffff53e3000 	C:\WINDOWS\System32\ADVAPI32.dll
0x00007ffff53f0000 - 0x00007ffff5498000 	C:\WINDOWS\System32\sechost.dll
0x00007ffff4c60000 - 0x00007ffff4c88000 	C:\WINDOWS\System32\bcrypt.dll
0x00007ffff4de0000 - 0x00007ffff4ef7000 	C:\WINDOWS\System32\RPCRT4.dll
0x00007fffeca20000 - 0x00007fffeca54000 	C:\WINDOWS\SYSTEM32\WINMM.dll
0x00007fff846f0000 - 0x00007fff846f9000 	C:\WINDOWS\SYSTEM32\WSOCK32.dll
0x00007fffec420000 - 0x00007fffec42a000 	C:\WINDOWS\SYSTEM32\VERSION.dll
0x00007ffff4f00000 - 0x00007ffff4f71000 	C:\WINDOWS\System32\WS2_32.dll
0x00007ffff3400000 - 0x00007ffff3418000 	C:\WINDOWS\SYSTEM32\kernel.appcore.dll
0x00007fffe8970000 - 0x00007fffe897a000 	C:\Users\siddh\AppData\Local\JetBrains\Toolbox\apps\AndroidStudio\ch-0\223.8836.35.2231.10811636\jbr\bin\jimage.dll
0x00007fffe2ab0000 - 0x00007fffe2ce3000 	C:\WINDOWS\SYSTEM32\DBGHELP.DLL
0x00007ffff5ba0000 - 0x00007ffff5f29000 	C:\WINDOWS\System32\combase.dll
0x00007ffff6f10000 - 0x00007ffff6fe7000 	C:\WINDOWS\System32\OLEAUT32.dll
0x00007fffd71b0000 - 0x00007fffd71e2000 	C:\WINDOWS\SYSTEM32\dbgcore.DLL
0x00007ffff43d0000 - 0x00007ffff444a000 	C:\WINDOWS\System32\bcryptPrimitives.dll
0x00007fffca620000 - 0x00007fffca645000 	C:\Users\siddh\AppData\Local\JetBrains\Toolbox\apps\AndroidStudio\ch-0\223.8836.35.2231.10811636\jbr\bin\java.dll

dbghelp: loaded successfully - version: 4.0.5 - missing functions: none
symbol engine: initialized successfully - sym options: 0x614 - pdb path: .;C:\Users\siddh\AppData\Local\JetBrains\Toolbox\apps\AndroidStudio\ch-0\223.8836.35.2231.10811636\jbr\bin;C:\WINDOWS\SYSTEM32;C:\WINDOWS\WinSxS\amd64_microsoft.windows.common-controls_6595b64144ccf1df_6.0.22621.2506_none_270c5ae97388e100;C:\Users\siddh\AppData\Local\JetBrains\Toolbox\apps\AndroidStudio\ch-0\223.8836.35.2231.10811636\jbr\bin\server

VM Arguments:
java_command: git4idea.http.GitAskPassApp Username for 'https://github.com': 
java_class_path (initial): C:/Users/siddh/AppData/Local/JetBrains/Toolbox/apps/AndroidStudio/ch-0/223.8836.35.2231.10811636/plugins/vcs-git/lib/git4idea-rt.jar;C:/Users/siddh/AppData/Local/JetBrains/Toolbox/apps/AndroidStudio/ch-0/223.8836.35.2231.10811636/lib/externalProcess-rt.jar;C:/Users/siddh/AppData/Local/JetBrains/Toolbox/apps/AndroidStudio/ch-0/223.8836.35.2231.10811636/lib/app.jar;C:/Users/siddh/AppData/Local/JetBrains/Toolbox/apps/AndroidStudio/ch-0/223.8836.35.2231.10811636/lib/3rd-party-rt.jar
Launcher Type: SUN_STANDARD

[Global flags]
     intx CICompilerCount                          = 4                                         {product} {ergonomic}
     uint ConcGCThreads                            = 3                                         {product} {ergonomic}
     uint G1ConcRefinementThreads                  = 10                                        {product} {ergonomic}
   size_t G1HeapRegionSize                         = 1048576                                   {product} {ergonomic}
    uintx GCDrainStackTargetSize                   = 64                                        {product} {ergonomic}
   size_t InitialHeapSize                          = 123731968                                 {product} {ergonomic}
   size_t MarkStackSize                            = 4194304                                   {product} {ergonomic}
   size_t MaxHeapSize                              = 1973420032                                {product} {ergonomic}
   size_t MinHeapDeltaBytes                        = 1048576                                   {product} {ergonomic}
   size_t MinHeapSize                              = 8388608                                   {product} {ergonomic}
    uintx NonNMethodCodeHeapSize                   = 5839372                                {pd product} {ergonomic}
    uintx NonProfiledCodeHeapSize                  = 122909434                              {pd product} {ergonomic}
    uintx ProfiledCodeHeapSize                     = 122909434                              {pd product} {ergonomic}
    uintx ReservedCodeCacheSize                    = 251658240                              {pd product} {ergonomic}
     bool SegmentedCodeCache                       = true                                      {product} {ergonomic}
   size_t SoftMaxHeapSize                          = 1973420032                             {manageable} {ergonomic}
     bool UseCompressedClassPointers               = true                           {product lp64_product} {ergonomic}
     bool UseCompressedOops                        = true                           {product lp64_product} {ergonomic}
     bool UseG1GC                                  = true                                      {product} {ergonomic}
     bool UseLargePagesIndividualAllocation        = false                                  {pd product} {ergonomic}

Logging:
Log output configuration:
 #0: stdout all=warning uptime,level,tags
 #1: stderr all=off uptime,level,tags

Environment Variables:
JAVA_HOME=C:\Program Files\Java\jdk-19\bin
PATH=C:\Program Files\Git\mingw64\libexec\git-core;C:\Program Files\Git\mingw64\libexec\git-core;C:\Program Files\Git\mingw64\bin;C:\Program Files\Git\usr\bin;C:\Users\siddh\bin;C:\Python311\Scripts;C:\Python311;C:\Program Files\Common Files\Oracle\Java\javapath;C:\windows\system32;C:\windows;C:\windows\System32\Wbem;C:\windows\System32\WindowsPowerShell\v1.0;C:\windows\System32\OpenSSH;C:\Program Files (x86)\NVIDIA Corporation\PhysX\Common;C:\Program Files\NVIDIA Corporation\NVIDIA NvDLISR;C:\Program Files\Java\jdk-19\bin;
USERNAME=siddh
DISPLAY=:0.0
LC_ALL=en_US.UTF-8
TERM=xterm-256color
TMPDIR=C:\Users\siddh\AppData\Local\Temp
OS=Windows_NT
PROCESSOR_IDENTIFIER=AMD64 Family 25 Model 80 Stepping 0, AuthenticAMD
TMP=C:\Users\siddh\AppData\Local\Temp
TEMP=C:\Users\siddh\AppData\Local\Temp


JNI global refs:

[error occurred during error reporting (JNI global references), id 0xc0000005, EXCEPTION_ACCESS_VIOLATION (0xc0000005) at pc=0x00007fff3ce07a10]


---------------  S Y S T E M  ---------------

OS:
 Windows 11 , 64 bit Build 22621 (10.0.22621.2506)
OS uptime: 0 days 3:25 hours

CPU: total 12 (initial active 12) (12 cores per cpu, 2 threads per core) family 25 model 80 stepping 0 microcode 0x0, cx8, cmov, fxsr, ht, mmx, 3dnowpref, sse, sse2, sse3, ssse3, sse4a, sse4.1, sse4.2, popcnt, lzcnt, tsc, tscinvbit, avx, avx2, aes, erms, clmul, bmi1, bmi2, adx, sha, fma, vzeroupper, clflush, clflushopt

Memory: 4k page, system-wide physical 7521M (516M free)
TotalPageFile size 31073M (AvailPageFile size 49M)
current process WorkingSet (physical memory assigned to process): 11M, peak: 11M
current process commit charge ("private bytes"): 64M, peak: 182M

vm_info: OpenJDK 64-Bit Server VM (17.0.6+0-b2043.56-10027231) for windows-amd64 JRE (17.0.6+0-b2043.56-10027231), built on Apr 28 2023 00:43:19 by "androidbuild" with MS VC++ 16.10 / 16.11 (VS2019)

END.
